[1709820665782] /
[1709820665967] /luogu-single.png
[1709820665969] /jquery-3.7.1.min.js
[1709820665969] /favicon.ico
[1709820665918] /index.css
[1709820666107] /favicon-cf.png
[1709820666117] /favicon-atc.png
[1709820666143] /index.js
[1709820666144] /favicon-sp.jpeg
[1709820666155] /favicon-uva.ico
[1709820666195] /p.json
[1709820666202] /b.json
[1709820666214] /cf.json
[1709820666214] /at.json
[1709820666223] /sp.json
[1709820666233] /uva.json
[1709820666246] /accepts.json
[1709820666322] /pbs.html
[1709820666542] /favicon.ico
[1709820683152] /login.html
[1709820686410] /api/load?uid=516725&client=
[1709820692146] /accepts.json
[1709820693234] /pbs.html
